new app instance mounted
webpack-internal:///./node_modules/cache-loader/dist/cjs.js?!./node_modules/babel-loader/lib/index.js!./node_modules/ts-loader/index.js?!./node_modules/vuetify-loader/lib/loader.js?!./node_modules/cache-loader/dist/cjs.js?!./node_modules/vue-loader/lib/index.js?!./src/App.vue?vue&type=script&lang=ts&:49 subscribeNotification begin
webpack-internal:///./node_modules/cache-loader/dist/cjs.js?!./node_modules/babel-loader/lib/index.js!./node_modules/ts-loader/index.js?!./node_modules/vuetify-loader/lib/loader.js?!./node_modules/cache-loader/dist/cjs.js?!./node_modules/vue-loader/lib/index.js?!./src/App.vue?vue&type=script&lang=ts&:73 subscribeNotification end
webpack-internal:///./node_modules/cache-loader/dist/cjs.js?!./node_modules/babel-loader/lib/index.js!./node_modules/ts-loader/index.js?!./node_modules/vuetify-loader/lib/loader.js?!./node_modules/cache-loader/dist/cjs.js?!./node_modules/vue-loader/lib/index.js?!./src/App.vue?vue&type=script&lang=ts&:57 on message event
shops:1 A cookie associated with a cross-site resource at https://gist.github.com/ was set without the `SameSite` attribute. A future release of Chrome will only deliver cookies with cross-site requests if they are set with `SameSite=None` and `Secure`. You can review cookies in developer tools under Application>Storage>Cookies and see more details at https://www.chromestatus.com/feature/5088147346030592 and https://www.chromestatus.com/feature/5633521622188032.
shops:1 A cookie associated with a cross-site resource at http://help.github.com/ was set without the `SameSite` attribute. A future release of Chrome will only deliver cookies with cross-site requests if they are set with `SameSite=None` and `Secure`. You can review cookies in developer tools under Application>Storage>Cookies and see more details at https://www.chromestatus.com/feature/5088147346030592 and https://www.chromestatus.com/feature/5633521622188032.
shops:1 A cookie associated with a cross-site resource at http://github.com/ was set without the `SameSite` attribute. A future release of Chrome will only deliver cookies with cross-site requests if they are set with `SameSite=None` and `Secure`. You can review cookies in developer tools under Application>Storage>Cookies and see more details at https://www.chromestatus.com/feature/5088147346030592 and https://www.chromestatus.com/feature/5633521622188032.
shops:1 A cookie associated with a cross-site resource at https://github.com/ was set without the `SameSite` attribute. A future release of Chrome will only deliver cookies with cross-site requests if they are set with `SameSite=None` and `Secure`. You can review cookies in developer tools under Application>Storage>Cookies and see more details at https://www.chromestatus.com/feature/5088147346030592 and https://www.chromestatus.com/feature/5633521622188032.
content.min.js:2 [Deprecation] Element.createShadowRoot is deprecated and will be removed in M80, around February 2020. Please use Element.attachShadow instead. See https://www.chromestatus.com/features/4507242028072960 and https://developers.google.com/web/updates/2019/07/web-components-time-to-upgrade for more details.
(anonymous) @ content.min.js:2
webpack-internal:///./node_modules/cache-loader/dist/cjs.js?!./node_modules/babel-loader/lib/index.js!./node_modules/ts-loader/index.js?!./node_modules/vuetify-loader/lib/loader.js?!./node_modules/cache-loader/dist/cjs.js?!./node_modules/vue-loader/lib/index.js?!./src/App.vue?vue&type=script&lang=ts&:68 on error event
webpack-internal:///./node_modules/cache-loader/dist/cjs.js?!./node_modules/babel-loader/lib/index.js!./node_modules/ts-loader/index.js?!./node_modules/vuetify-loader/lib/loader.js?!./node_modules/cache-loader/dist/cjs.js?!./node_modules/vue-loader/lib/index.js?!./src/App.vue?vue&type=script&lang=ts&:49 subscribeNotification begin
webpack-internal:///./node_modules/cache-loader/dist/cjs.js?!./node_modules/babel-loader/lib/index.js!./node_modules/ts-loader/index.js?!./node_modules/vuetify-loader/lib/loader.js?!./node_modules/cache-loader/dist/cjs.js?!./node_modules/vue-loader/lib/index.js?!./src/App.vue?vue&type=script&lang=ts&:73 subscribeNotification end
2webpack-internal:///./node_modules/cache-loader/dist/cjs.js?!./node_modules/babel-loader/lib/index.js!./node_modules/ts-loader/index.js?!./node_modules/vuetify-loader/lib/loader.js?!./node_modules/cache-loader/dist/cjs.js?!./node_modules/vue-loader/lib/index.js?!./src/App.vue?vue&type=script&lang=ts&:57 on message event
App.vue?1abc:54 on error event
App.vue?1abc:35 subscribeNotification begin
App.vue?1abc:59 subscribeNotification end
App.vue?1abc:43 on message event
App.vue?1abc:54 on error event
App.vue?1abc:35 subscribeNotification begin
App.vue?1abc:59 subscribeNotification end