15:52:53.680 [INFO ] [restartedMain] [c.w.caffeine.CaffeineApplication] [logStarting] - Starting CaffeineApplication on rhdmstjrui-MacBook-Pro.local with PID 6420 (/Users/aaaa/IdeaProjects/caffeine-be/out/production/classes started by aaaa in /Users/aaaa/IdeaProjects/caffeine-be)
15:52:53.681 [DEBUG] [restartedMain] [c.w.caffeine.CaffeineApplication] [logStarting] - Running with Spring Boot v2.2.1.RELEASE, Spring v5.2.1.RELEASE
15:52:53.681 [INFO ] [restartedMain] [c.w.caffeine.CaffeineApplication] [logStartupProfileInfo] - No active profile set, falling back to default profiles: default
15:52:55.144 [INFO ] [restartedMain] [c.w.caffeine.CaffeineApplication] [logStarted] - Started CaffeineApplication in 1.687 seconds (JVM running for 395.476)
15:55:36.950 [DEBUG] [http-nio-8080-exec-1] [c.w.c.a.s.CustomerNotificationService] [subscribe] - customerId: 100
15:55:36.990 [DEBUG] [http-nio-8080-exec-2] [c.w.c.controller.ShopController] [findAllShops] - ShopResponses: com.woowacourse.caffeine.application.dto.ShopResponses@3f9fa8c7
15:55:47.924 [DEBUG] [http-nio-8080-exec-3] [c.w.c.a.s.CustomerNotificationService] [subscribe] - customerId: 100
15:55:48.110 [DEBUG] [http-nio-8080-exec-4] [c.w.c.controller.ShopController] [findAllShops] - ShopResponses: com.woowacourse.caffeine.application.dto.ShopResponses@9db5845
15:56:07.160 [INFO ] [http-nio-8080-exec-5] [c.w.c.a.s.NotificationInternalService] [lambda$onTimeout$2] - Client[100] is on timeout
15:56:07.226 [INFO ] [http-nio-8080-exec-5] [c.w.c.a.s.NotificationInternalService] [lambda$onComplete$1] - Client[100] is on complete
15:56:07.240 [DEBUG] [http-nio-8080-exec-6] [c.w.c.a.s.CustomerNotificationService] [subscribe] - customerId: 100
15:56:10.239 [DEBUG] [http-nio-8080-exec-7] [c.w.c.a.s.CustomerNotificationService] [subscribe] - customerId: 100
15:56:18.153 [INFO ] [http-nio-8080-exec-8] [c.w.c.a.s.NotificationInternalService] [lambda$onTimeout$2] - Client[100] is on timeout
15:56:18.156 [INFO ] [http-nio-8080-exec-8] [c.w.c.a.s.NotificationInternalService] [lambda$onComplete$1] - Client[100] is on complete
15:56:18.165 [DEBUG] [http-nio-8080-exec-9] [c.w.c.a.s.CustomerNotificationService] [subscribe] - customerId: 100
15:56:21.515 [DEBUG] [http-nio-8080-exec-10] [c.w.c.a.s.CustomerNotificationService] [subscribe] - customerId: 100
15:56:38.155 [INFO ] [http-nio-8080-exec-2] [c.w.c.a.s.NotificationInternalService] [lambda$onTimeout$2] - Client[100] is on timeout
15:56:38.168 [INFO ] [http-nio-8080-exec-2] [c.w.c.a.s.NotificationInternalService] [lambda$onComplete$1] - Client[100] is on complete
15:56:38.177 [DEBUG] [http-nio-8080-exec-3] [c.w.c.a.s.CustomerNotificationService] [subscribe] - customerId: 100
15:56:41.152 [INFO ] [http-nio-8080-exec-4] [c.w.c.a.s.NotificationInternalService] [lambda$onTimeout$2] - Client[100] is on timeout
15:56:41.155 [INFO ] [http-nio-8080-exec-4] [c.w.c.a.s.NotificationInternalService] [lambda$onComplete$1] - Client[100] is on complete
15:56:41.161 [DEBUG] [http-nio-8080-exec-5] [c.w.c.a.s.CustomerNotificationService] [subscribe] - customerId: 100
15:56:41.182 [DEBUG] [http-nio-8080-exec-6] [c.w.c.a.s.CustomerNotificationService] [subscribe] - customerId: 100
15:56:44.171 [DEBUG] [http-nio-8080-exec-7] [c.w.c.a.s.CustomerNotificationService] [subscribe] - customerId: 100
15:56:49.154 [INFO ] [http-nio-8080-exec-9] [c.w.c.a.s.NotificationInternalService] [lambda$onTimeout$2] - Client[100] is on timeout
15:56:49.157 [INFO ] [http-nio-8080-exec-9] [c.w.c.a.s.NotificationInternalService] [lambda$onComplete$1] - Client[100] is on complete
15:56:49.167 [DEBUG] [http-nio-8080-exec-10] [c.w.c.a.s.CustomerNotificationService] [subscribe] - customerId: 100
15:56:52.156 [INFO ] [http-nio-8080-exec-1] [c.w.c.a.s.NotificationInternalService] [lambda$onTimeout$2] - Client[100] is on timeout
15:56:52.159 [INFO ] [http-nio-8080-exec-1] [c.w.c.a.s.NotificationInternalService] [lambda$onComplete$1] - Client[100] is on complete
15:56:52.168 [DEBUG] [http-nio-8080-exec-2] [c.w.c.a.s.CustomerNotificationService] [subscribe] - customerId: 100
15:56:52.169 [DEBUG] [http-nio-8080-exec-3] [c.w.c.a.s.CustomerNotificationService] [subscribe] - customerId: 100
15:56:55.546 [DEBUG] [http-nio-8080-exec-4] [c.w.c.a.s.CustomerNotificationService] [subscribe] - customerId: 100
15:57:09.153 [INFO ] [http-nio-8080-exec-5] [c.w.c.a.s.NotificationInternalService] [lambda$onTimeout$2] - Client[100] is on timeout
15:57:09.156 [INFO ] [http-nio-8080-exec-5] [c.w.c.a.s.NotificationInternalService] [lambda$onComplete$1] - Client[100] is on complete
15:57:09.162 [DEBUG] [http-nio-8080-exec-6] [c.w.c.a.s.CustomerNotificationService] [subscribe] - customerId: 100
15:57:12.155 [INFO ] [http-nio-8080-exec-8] [c.w.c.a.s.NotificationInternalService] [lambda$onTimeout$2] - Client[100] is on timeout
15:57:12.154 [INFO ] [http-nio-8080-exec-7] [c.w.c.a.s.NotificationInternalService] [lambda$onTimeout$2] - Client[100] is on timeout
15:57:12.158 [INFO ] [http-nio-8080-exec-7] [c.w.c.a.s.NotificationInternalService] [lambda$onComplete$1] - Client[100] is on complete
15:57:12.159 [INFO ] [http-nio-8080-exec-8] [c.w.c.a.s.NotificationInternalService] [lambda$onComplete$1] - Client[100] is on complete
15:57:12.167 [DEBUG] [http-nio-8080-exec-9] [c.w.c.a.s.CustomerNotificationService] [subscribe] - customerId: 100
15:57:12.168 [DEBUG] [http-nio-8080-exec-10] [c.w.c.a.s.CustomerNotificationService] [subscribe] - customerId: 100
15:57:12.177 [DEBUG] [http-nio-8080-exec-1] [c.w.c.a.s.CustomerNotificationService] [subscribe] - customerId: 100
15:57:15.155 [INFO ] [http-nio-8080-exec-2] [c.w.c.a.s.NotificationInternalService] [lambda$onTimeout$2] - Client[100] is on timeout
15:57:15.157 [INFO ] [http-nio-8080-exec-2] [c.w.c.a.s.NotificationInternalService] [lambda$onComplete$1] - Client[100] is on complete
15:57:15.164 [DEBUG] [http-nio-8080-exec-3] [c.w.c.a.s.CustomerNotificationService] [subscribe] - customerId: 100
15:57:15.173 [DEBUG] [http-nio-8080-exec-4] [c.w.c.a.s.CustomerNotificationService] [subscribe] - customerId: 100
15:57:20.157 [INFO ] [http-nio-8080-exec-5] [c.w.c.a.s.NotificationInternalService] [lambda$onTimeout$2] - Client[100] is on timeout
15:57:20.160 [INFO ] [http-nio-8080-exec-5] [c.w.c.a.s.NotificationInternalService] [lambda$onComplete$1] - Client[100] is on complete
15:57:20.167 [DEBUG] [http-nio-8080-exec-6] [c.w.c.a.s.CustomerNotificationService] [subscribe] - customerId: 100
15:57:23.154 [INFO ] [http-nio-8080-exec-8] [c.w.c.a.s.NotificationInternalService] [lambda$onTimeout$2] - Client[100] is on timeout
15:57:23.154 [INFO ] [http-nio-8080-exec-7] [c.w.c.a.s.NotificationInternalService] [lambda$onTimeout$2] - Client[100] is on timeout
15:57:23.157 [INFO ] [http-nio-8080-exec-8] [c.w.c.a.s.NotificationInternalService] [lambda$onComplete$1] - Client[100] is on complete
15:57:23.157 [INFO ] [http-nio-8080-exec-7] [c.w.c.a.s.NotificationInternalService] [lambda$onComplete$1] - Client[100] is on complete
15:57:23.167 [DEBUG] [http-nio-8080-exec-9] [c.w.c.a.s.CustomerNotificationService] [subscribe] - customerId: 100
15:57:23.171 [DEBUG] [http-nio-8080-exec-10] [c.w.c.a.s.CustomerNotificationService] [subscribe] - customerId: 100
15:57:23.173 [DEBUG] [http-nio-8080-exec-1] [c.w.c.a.s.CustomerNotificationService] [subscribe] - customerId: 100
15:57:26.154 [INFO ] [http-nio-8080-exec-2] [c.w.c.a.s.NotificationInternalService] [lambda$onTimeout$2] - Client[100] is on timeout
15:57:26.156 [INFO ] [http-nio-8080-exec-2] [c.w.c.a.s.NotificationInternalService] [lambda$onComplete$1] - Client[100] is on complete
15:57:26.164 [DEBUG] [http-nio-8080-exec-3] [c.w.c.a.s.CustomerNotificationService] [subscribe] - customerId: 100
15:57:26.168 [DEBUG] [http-nio-8080-exec-4] [c.w.c.a.s.CustomerNotificationService] [subscribe] - customerId: 100
15:57:40.152 [INFO ] [http-nio-8080-exec-5] [c.w.c.a.s.NotificationInternalService] [lambda$onTimeout$2] - Client[100] is on timeout
15:57:40.155 [INFO ] [http-nio-8080-exec-5] [c.w.c.a.s.NotificationInternalService] [lambda$onComplete$1] - Client[100] is on complete
15:57:40.158 [DEBUG] [http-nio-8080-exec-6] [c.w.c.a.s.CustomerNotificationService] [subscribe] - customerId: 100
15:57:43.154 [INFO ] [http-nio-8080-exec-7] [c.w.c.a.s.NotificationInternalService] [lambda$onTimeout$2] - Client[100] is on timeout
15:57:43.154 [INFO ] [http-nio-8080-exec-8] [c.w.c.a.s.NotificationInternalService] [lambda$onTimeout$2] - Client[100] is on timeout
15:57:43.154 [INFO ] [http-nio-8080-exec-9] [c.w.c.a.s.NotificationInternalService] [lambda$onTimeout$2] - Client[100] is on timeout
15:57:43.159 [INFO ] [http-nio-8080-exec-9] [c.w.c.a.s.NotificationInternalService] [lambda$onComplete$1] - Client[100] is on complete
15:57:43.159 [INFO ] [http-nio-8080-exec-8] [c.w.c.a.s.NotificationInternalService] [lambda$onComplete$1] - Client[100] is on complete